<?xml version="1.0" encoding="UTF-8"?>
<!-- Generated by org.testng.reporters.JUnitXMLReporter -->
<testsuite hostname="HTTDUNG1" ignored="2" name="Default test" tests="1" failures="0" timestamp="03 Jul 2020 03:51:06 GMT" time="11.533" errors="0">
  <testcase name="testDisplayMenus" time="0.19" classname="test.TestHomePage"/>
  <testcase name="testTitle" time="0.0" classname="test.TestHomePage">
    <ignored/>
  </testcase> <!-- testTitle -->
  <testcase name="testNumberMenus" time="0.0" classname="test.TestHomePage">
    <ignored/>
  </testcase> <!-- testNumberMenus -->
</testsuite> <!-- Default test -->
