<?xml version="1.0" encoding="UTF-8"?>
<testng-results ignored="0" total="2" passed="2" failed="0" skipped="0">
  <reporter-output>
  </reporter-output>
  <suite started-at="2020-06-25T14:12:12 ICT" name="Default suite" finished-at="2020-06-25T14:12:26 ICT" duration-ms="14096">
    <groups>
    </groups>
    <test started-at="2020-06-25T14:12:12 ICT" name="Default test" finished-at="2020-06-25T14:12:26 ICT" duration-ms="14096">
      <class name="alert.popup.quickstart.TestAlert">
        <test-method is-config="true" signature="setUp()[pri:0, instance:alert.popup.quickstart.TestAlert@14d3bc22]" started-at="2020-06-25T14:12:12 ICT" name="setUp" finished-at="2020-06-25T14:12:23 ICT" duration-ms="11611" status="PASS">
          <reporter-output>
          </reporter-output>
        </test-method> <!-- setUp -->
        <test-method signature="VerifyAlertText()[pri:1, instance:alert.popup.quickstart.TestAlert@14d3bc22]" started-at="2020-06-25T14:12:23 ICT" name="VerifyAlertText" finished-at="2020-06-25T14:12:24 ICT" duration-ms="694" status="PASS">
          <reporter-output>
          </reporter-output>
        </test-method> <!-- VerifyAlertText -->
        <test-method signature="VerifyAlerDismiss()[pri:2, instance:alert.popup.quickstart.TestAlert@14d3bc22]" started-at="2020-06-25T14:12:24 ICT" name="VerifyAlerDismiss" finished-at="2020-06-25T14:12:24 ICT" duration-ms="150" status="PASS">
          <reporter-output>
          </reporter-output>
        </test-method> <!-- VerifyAlerDismiss -->
        <test-method is-config="true" signature="close()[pri:0, instance:alert.popup.quickstart.TestAlert@14d3bc22]" started-at="2020-06-25T14:12:24 ICT" name="close" finished-at="2020-06-25T14:12:26 ICT" duration-ms="1574" status="PASS">
          <reporter-output>
          </reporter-output>
        </test-method> <!-- close -->
      </class> <!-- alert.popup.quickstart.TestAlert -->
    </test> <!-- Default test -->
  </suite> <!-- Default suite -->
</testng-results>
